<?xml version="1.0" encoding="UTF-8" ?>
<testsuite tests="19" failures="0" name="tests.TestSuite" time="20.603" errors="0" skipped="4">
  <properties>
[...]
</properties>
  <testcase classname="HurMycketFarJagLanaWebbPageTest" name="1. WebPage url is right" time="2.253"/>
  <testcase classname="HurMycketFarJagLanaWebbPageTest" name="2. Logo and header elements are visible" time="0.214"/>
  <testcase classname="HurMycketFarJagLanaWebbPageTest" name="3. Header elements are enable" time="0.049"/>
  <testcase classname="HurMycketFarJagLanaWebbPageTest" name="4. Top menu elements are visible" time="0.391"/>
  <testcase classname="HurMycketFarJagLanaWebbPageTest" name="5. Top menu elements are enable" time="0.093"/>
  <testcase classname="HurMycketFarJagLanaWebbPageTest" name="6. Try to hover over the element. Think how to test this." time="0.093">
    <skipped/>
  </testcase>
  <testcase classname="HurMycketFarJagLanaWebbPageTest" name="7. Basic heading elements are visible" time="0"/>
  <testcase classname="HurMycketFarJagLanaWebbPageTest" name="8. BreadCrumb menu elements are visible" time="0.266"/>
  <testcase classname="HurMycketFarJagLanaWebbPageTest" name="9. BreadCrumb menu elements are enable" time="0.266">
    <skipped/>
  </testcase>
  <testcase classname="HurMycketFarJagLanaWebbPageTest" name="10. Loan amount indication text elements are visible" time="0.27">
    <skipped/>
  </testcase>
  <testcase classname="HurMycketFarJagLanaWebbPageTest" name="11. MÃ¥nadsinkomst element is visible and has a default value" time="0.094"/>
  <testcase classname="HurMycketFarJagLanaWebbPageTest" name="12. Total skuld element is visible and has a default value" time="0.093"/>
  <testcase classname="HurMycketFarJagLanaWebbPageTest" name="13. Antal barn element is visible and has a default value" time="0.094"/>
  <testcase classname="HurMycketFarJagLanaWebbPageTest" name="Inspect Ja button" time="0.094">
    <skipped/>
  </testcase>
  <testcase classname="HurMycketFarJagLanaWebbPageTest" name="14. Inspect Nej button" time="0.125"/>
  <testcase classname="HurMycketFarJagLanaWebbPageTest" name="15. Inspect drop down menu" time="5.14"/>
  <testcase classname="HurMycketFarJagLanaWebbPageTest" name="17. Drop down menu error message" time="4.044"/>
  <testcase classname="HurMycketFarJagLanaWebbPageTest" name="18. Calculate loan and verify url according to loan" time="7.024"/>
  <testcase classname="JUnit Vintage" name="JUnit Vintage" time="0"/>
</testsuite>