<?xml version="1.0" encoding="UTF-8"?>
<testsuite xmlns:xsi="http://www.w3.org/2001/XMLSchema-instance" xsi:noNamespaceSchemaLocation="https://maven.apache.org/surefire/maven-surefire-plugin/xsd/surefire-test-report.xsd" name="tests.HurMycketFarJagLanaWebbPageTest" time="24.442" tests="18" errors="0" skipped="3" failures="0">
  <properties>
[...]
</properties>
  <testcase name="pageUrlIsRight" classname="tests.HurMycketFarJagLanaWebbPageTest" time="2.311"/>
  <testcase name="logoAndHeaderElementsAreVisible" classname="tests.HurMycketFarJagLanaWebbPageTest" time="0.203"/>
  <testcase name="headerElementsAreEnabled" classname="tests.HurMycketFarJagLanaWebbPageTest" time="0.032"/>
  <testcase name="mainMenuElementsAreVisible" classname="tests.HurMycketFarJagLanaWebbPageTest" time="0.414"/>
  <testcase name="mainMenuElementsAreEnable" classname="tests.HurMycketFarJagLanaWebbPageTest" time="0.156"/>
  <testcase name="hoverOverElements" classname="tests.HurMycketFarJagLanaWebbPageTest" time="0.168"/>
  <testcase name="basicHeadingElementsAreVisible" classname="tests.HurMycketFarJagLanaWebbPageTest" time="0"/>
  <testcase name="breadCrumbMenuElementsAreVisible" classname="tests.HurMycketFarJagLanaWebbPageTest" time="0.232"/>
  <testcase name="betalningsAnmarkning" classname="tests.HurMycketFarJagLanaWebbPageTest" time="0">
    <skipped message="public void tests.HurMycketFarJagLanaWebbPageTest.betalningsAnmarkning() is @Disabled"/>
  </testcase>
  <testcase name="loanAmountIndicationElemetsAreVisible" classname="tests.HurMycketFarJagLanaWebbPageTest" time="0">
    <skipped message="public void tests.HurMycketFarJagLanaWebbPageTest.loanAmountIndicationElemetsAreVisible() is @Disabled"/>
  </testcase>
  <testcase name="manadsInkomstHasDefaultValue" classname="tests.HurMycketFarJagLanaWebbPageTest" time="0.094"/>
  <testcase name="antalBarnHasDefaultValue" classname="tests.HurMycketFarJagLanaWebbPageTest" time="0.093"/>
  <testcase name="totalSkuldHasDefaultValue" classname="tests.HurMycketFarJagLanaWebbPageTest" time="0.103"/>
  <testcase name="nejButtonIsChecked" classname="tests.HurMycketFarJagLanaWebbPageTest" time="0">
    <skipped message="public void tests.HurMycketFarJagLanaWebbPageTest.nejButtonIsChecked() throws java.lang.InterruptedException is @Disabled"/>
  </testcase>
  <testcase name="nejButtonInspection" classname="tests.HurMycketFarJagLanaWebbPageTest" time="0.129"/>
  <testcase name="dropDownMenuInspect" classname="tests.HurMycketFarJagLanaWebbPageTest" time="5.144"/>
  <testcase name="dropDownMenuErrorMessage" classname="tests.HurMycketFarJagLanaWebbPageTest" time="4.09"/>
  <testcase name="clickOnBeraknaButtonAndVerifyURL" classname="tests.HurMycketFarJagLanaWebbPageTest" time="8.45"/>
</testsuite>